[debug] [2022-08-16T20:23:02.619Z] ----------------------------------------------------------------------
[debug] [2022-08-16T20:23:02.625Z] Command:       /usr/local/bin/node /usr/local/bin/firebase init hosting:github
[debug] [2022-08-16T20:23:02.625Z] CLI Version:   11.1.0
[debug] [2022-08-16T20:23:02.625Z] Platform:      linux
[debug] [2022-08-16T20:23:02.626Z] Node Version:  v18.1.0
[debug] [2022-08-16T20:23:02.644Z] Time:          Tue Aug 16 2022 22:23:02 GMT+0200 (Central Africa Time)
[debug] [2022-08-16T20:23:02.645Z] ----------------------------------------------------------------------
[debug] 
[debug] [2022-08-16T20:23:02.783Z] > command requires scopes: ["email","openid","https://www.googleapis.com/auth/cloudplatformprojects.readonly","https://www.googleapis.com/auth/firebase","https://www.googleapis.com/auth/cloud-platform"]
[debug] [2022-08-16T20:23:02.784Z] > authorizing via signed-in user (walkerghis@gmail.com)
[info] 
     ######## #### ########  ######## ########     ###     ######  ########
     ##        ##  ##     ## ##       ##     ##  ##   ##  ##       ##
     ######    ##  ########  ######   ########  #########  ######  ######
     ##        ##  ##    ##  ##       ##     ## ##     ##       ## ##
     ##       #### ##     ## ######## ########  ##     ##  ######  ########

You're about to initialize a Firebase project in this directory:

  /home/c1ph3r/Documents/P/JS/amazon_clone

Before we get started, keep in mind:

  * You are initializing within an existing Firebase project directory

[info] 
=== Project Setup
[info] 
[info] First, let's associate this project directory with a Firebase project.
[info] You can create multiple project aliases by running firebase use --add, 
[info] but for now we'll just set up a default project.
[info] 
[debug] [2022-08-16T20:23:02.789Z] Using project from CLI flag: clone-1678e
[debug] [2022-08-16T20:23:02.792Z] >>> [apiv2][query] GET https://firebase.googleapis.com/v1beta1/projects/clone-1678e [none]
[debug] [2022-08-16T20:23:07.724Z] <<< [apiv2][status] GET https://firebase.googleapis.com/v1beta1/projects/clone-1678e 200
[debug] [2022-08-16T20:23:07.725Z] <<< [apiv2][body] GET https://firebase.googleapis.com/v1beta1/projects/clone-1678e {"projectId":"clone-1678e","projectNumber":"1029832387335","displayName":"amazon-clone","name":"projects/clone-1678e","resources":{"hostingSite":"clone-1678e"},"state":"ACTIVE","etag":"1_9316b3b2-9dcf-4392-ac2a-9ff7df58704d"}
[info] i  Using project clone-1678e (amazon-clone) 
[info] 
=== Hosting:github Setup
[info] 
[info] i  Detected a .git folder at /home/c1ph3r/Documents/P/JS/amazon_clone 
[info] i  Authorizing with GitHub to upload your service account to a GitHub repository's secrets store. 
[info] 
[info] Visit this URL on this device to log in:
[info] https://github.com/login/oauth/authorize?client_id=89cf50f02ac6aaed3484&state=804255679&redirect_uri=http%3A%2F%2Flocalhost%3A9005&scope=read%3Auser%20repo%20public_repo
[info] 
[info] Waiting for authentication...
[debug] [2022-08-16T20:23:13.789Z] >>> [apiv2][query] POST https://github.com/login/oauth/access_token [none]
[debug] [2022-08-16T20:23:13.790Z] >>> [apiv2][body] POST https://github.com/login/oauth/access_token [stream]
[debug] [2022-08-16T20:23:14.801Z] <<< [apiv2][status] POST https://github.com/login/oauth/access_token 200
[debug] [2022-08-16T20:23:14.802Z] <<< [apiv2][body] POST https://github.com/login/oauth/access_token {"access_token":"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","token_type":"bearer","scope":"read:user,repo"}
[debug] [2022-08-16T20:23:14.848Z] >>> [apiv2][query] GET https://api.github.com/user [none]
[debug] [2022-08-16T20:23:15.774Z] <<< [apiv2][status] GET https://api.github.com/user 200
[debug] [2022-08-16T20:23:15.774Z] <<< [apiv2][body] GET https://api.github.com/user {"login":"Ghis8","id":55286312,"node_id":"MDQ6VXNlcjU1Mjg2MzEy","avatar_url":"https://avatars.githubusercontent.com/u/55286312?v=4","gravatar_id":"","url":"https://api.github.com/users/Ghis8","html_url":"https://github.com/Ghis8","followers_url":"https://api.github.com/users/Ghis8/followers","following_url":"https://api.github.com/users/Ghis8/following{/other_user}","gists_url":"https://api.github.com/users/Ghis8/gists{/gist_id}","starred_url":"https://api.github.com/users/Ghis8/starred{/owner}{/repo}","subscriptions_url":"https://api.github.com/users/Ghis8/subscriptions","organizations_url":"https://api.github.com/users/Ghis8/orgs","repos_url":"https://api.github.com/users/Ghis8/repos","events_url":"https://api.github.com/users/Ghis8/events{/privacy}","received_events_url":"https://api.github.com/users/Ghis8/received_events","type":"User","site_admin":false,"name":"Ghislain Kongolo","company":null,"blog":"","location":"Rwanda/Kigali","email":null,"hireable":null,"bio":"I am JavaScript Developer, who loves spending time on keyboard and passionate with Tec","twitter_username":null,"public_repos":24,"public_gists":0,"followers":0,"following":1,"created_at":"2019-09-13T14:12:46Z","updated_at":"2022-08-12T10:16:06Z","private_gists":0,"total_private_repos":0,"owned_private_repos":0,"disk_usage":83883,"collaborators":0,"two_factor_authentication":true,"plan":{"name":"free","space":976562499,"collaborators":0,"private_repos":10000}}
[info] 
[info] ✔  Success! Logged into GitHub as Ghis8 
[info] 
